<?xml version="1.0" encoding="UTF-8"?>
<!-- Generated by org.testng.reporters.JUnitReportReporter -->
<testsuite hostname="Lenovo" failures="0" tests="1" name="TestDrive.Scenario2_TestPage" time="27.922" errors="0" timestamp="2023-04-28T11:12:19 IST" skipped="0">
  <testcase classname="TestDrive.Scenario2_TestPage" name="TestPageForScenario2" time="27.922"/>
  <system-out/>
</testsuite> <!-- TestDrive.Scenario2_TestPage -->
