<?xml version="1.0" encoding="UTF-8"?>
<!-- Generated by org.testng.reporters.JUnitReportReporter -->
<testsuite hostname="Lenovo" failures="0" tests="1" name="TestDrive.Scenario1_TestPage" time="36.519" errors="0" timestamp="2023-04-28T11:12:19 IST" skipped="0">
  <testcase classname="TestDrive.Scenario1_TestPage" name="TestpageforScenario1" time="36.519"/>
  <system-out/>
</testsuite> <!-- TestDrive.Scenario1_TestPage -->
